c:\users\yohann\desktop\cours\projetpreliminaire\yohann morits\builds\bomberman\csfml\csfml\x64\debug\vc143.pdb
c:\users\yohann\desktop\cours\projetpreliminaire\yohann morits\builds\bomberman\csfml\csfml\x64\debug\vc143.idb
c:\users\yohann\desktop\cours\projetpreliminaire\yohann morits\builds\bomberman\csfml\csfml\x64\debug\player.obj
c:\users\yohann\desktop\cours\projetpreliminaire\yohann morits\builds\bomberman\csfml\csfml\x64\debug\map.obj
c:\users\yohann\desktop\cours\projetpreliminaire\yohann morits\builds\bomberman\csfml\csfml\x64\debug\main.obj
c:\users\yohann\desktop\cours\projetpreliminaire\yohann morits\builds\bomberman\csfml\csfml\x64\debug\game.obj
c:\users\yohann\desktop\cours\projetpreliminaire\yohann morits\builds\bomberman\csfml\csfml\x64\debug\collision.obj
c:\users\yohann\desktop\cours\projetpreliminaire\yohann morits\builds\bomberman\csfml\csfml\x64\debug\bomberman!.ilk
c:\users\yohann\desktop\cours\projetpreliminaire\yohann morits\builds\bomberman\csfml\x64\debug\bomberman!.exe
c:\users\yohann\desktop\cours\projetpreliminaire\yohann morits\builds\bomberman\csfml\x64\debug\bomberman!.pdb
c:\users\yohann\desktop\cours\projetpreliminaire\yohann morits\builds\bomberman\csfml\csfml\x64\debug\csfml.res
c:\users\yohann\desktop\cours\projetpreliminaire\yohann morits\builds\bomberman\csfml\csfml\x64\debug\bomberman!.tlog\cl.command.1.tlog
c:\users\yohann\desktop\cours\projetpreliminaire\yohann morits\builds\bomberman\csfml\csfml\x64\debug\bomberman!.tlog\cl.read.1.tlog
c:\users\yohann\desktop\cours\projetpreliminaire\yohann morits\builds\bomberman\csfml\csfml\x64\debug\bomberman!.tlog\cl.write.1.tlog
c:\users\yohann\desktop\cours\projetpreliminaire\yohann morits\builds\bomberman\csfml\csfml\x64\debug\bomberman!.tlog\link.command.1.tlog
c:\users\yohann\desktop\cours\projetpreliminaire\yohann morits\builds\bomberman\csfml\csfml\x64\debug\bomberman!.tlog\link.read.1.tlog
c:\users\yohann\desktop\cours\projetpreliminaire\yohann morits\builds\bomberman\csfml\csfml\x64\debug\bomberman!.tlog\link.write.1.tlog
c:\users\yohann\desktop\cours\projetpreliminaire\yohann morits\builds\bomberman\csfml\csfml\x64\debug\bomberman!.tlog\rc.command.1.tlog
c:\users\yohann\desktop\cours\projetpreliminaire\yohann morits\builds\bomberman\csfml\csfml\x64\debug\bomberman!.tlog\rc.read.1.tlog
c:\users\yohann\desktop\cours\projetpreliminaire\yohann morits\builds\bomberman\csfml\csfml\x64\debug\bomberman!.tlog\rc.write.1.tlog
