c:\users\yohann\desktop\cours\projetpreliminaire\yohann morits\builds\bomberman\projet bomberman\csfml\x64\debug\vc143.pdb
c:\users\yohann\desktop\cours\projetpreliminaire\yohann morits\builds\bomberman\projet bomberman\csfml\x64\debug\vc143.idb
c:\users\yohann\desktop\cours\projetpreliminaire\yohann morits\builds\bomberman\projet bomberman\csfml\x64\debug\score.obj
c:\users\yohann\desktop\cours\projetpreliminaire\yohann morits\builds\bomberman\projet bomberman\csfml\x64\debug\player.obj
c:\users\yohann\desktop\cours\projetpreliminaire\yohann morits\builds\bomberman\projet bomberman\csfml\x64\debug\pause.obj
c:\users\yohann\desktop\cours\projetpreliminaire\yohann morits\builds\bomberman\projet bomberman\csfml\x64\debug\move.obj
c:\users\yohann\desktop\cours\projetpreliminaire\yohann morits\builds\bomberman\projet bomberman\csfml\x64\debug\menu.obj
c:\users\yohann\desktop\cours\projetpreliminaire\yohann morits\builds\bomberman\projet bomberman\csfml\x64\debug\map.obj
c:\users\yohann\desktop\cours\projetpreliminaire\yohann morits\builds\bomberman\projet bomberman\csfml\x64\debug\main.obj
c:\users\yohann\desktop\cours\projetpreliminaire\yohann morits\builds\bomberman\projet bomberman\csfml\x64\debug\item.obj
c:\users\yohann\desktop\cours\projetpreliminaire\yohann morits\builds\bomberman\projet bomberman\csfml\x64\debug\hud.obj
c:\users\yohann\desktop\cours\projetpreliminaire\yohann morits\builds\bomberman\projet bomberman\csfml\x64\debug\gamestate.obj
c:\users\yohann\desktop\cours\projetpreliminaire\yohann morits\builds\bomberman\projet bomberman\csfml\x64\debug\gameover.obj
c:\users\yohann\desktop\cours\projetpreliminaire\yohann morits\builds\bomberman\projet bomberman\csfml\x64\debug\game.obj
c:\users\yohann\desktop\cours\projetpreliminaire\yohann morits\builds\bomberman\projet bomberman\csfml\x64\debug\enemy.obj
c:\users\yohann\desktop\cours\projetpreliminaire\yohann morits\builds\bomberman\projet bomberman\csfml\x64\debug\credits.obj
c:\users\yohann\desktop\cours\projetpreliminaire\yohann morits\builds\bomberman\projet bomberman\csfml\x64\debug\collisions.obj
c:\users\yohann\desktop\cours\projetpreliminaire\yohann morits\builds\bomberman\projet bomberman\csfml\x64\debug\bomb.obj
c:\users\yohann\desktop\cours\projetpreliminaire\yohann morits\builds\bomberman\projet bomberman\csfml\x64\debug\animation.obj
c:\users\yohann\desktop\cours\projetpreliminaire\yohann morits\builds\bomberman\projet bomberman\csfml\x64\debug\csfml.res
c:\users\yohann\desktop\cours\projetpreliminaire\yohann morits\builds\bomberman\projet bomberman\x64\debug\bomber blaze.pdb
c:\users\yohann\desktop\cours\projetpreliminaire\yohann morits\builds\bomberman\projet bomberman\csfml\x64\debug\bomber blaze.tlog\cl.command.1.tlog
c:\users\yohann\desktop\cours\projetpreliminaire\yohann morits\builds\bomberman\projet bomberman\csfml\x64\debug\bomber blaze.tlog\cl.read.1.tlog
c:\users\yohann\desktop\cours\projetpreliminaire\yohann morits\builds\bomberman\projet bomberman\csfml\x64\debug\bomber blaze.tlog\cl.write.1.tlog
c:\users\yohann\desktop\cours\projetpreliminaire\yohann morits\builds\bomberman\projet bomberman\csfml\x64\debug\bomber blaze.tlog\link-cvtres.read.1.tlog
c:\users\yohann\desktop\cours\projetpreliminaire\yohann morits\builds\bomberman\projet bomberman\csfml\x64\debug\bomber blaze.tlog\link-cvtres.write.1.tlog
c:\users\yohann\desktop\cours\projetpreliminaire\yohann morits\builds\bomberman\projet bomberman\csfml\x64\debug\bomber blaze.tlog\link-rc.read.1.tlog
c:\users\yohann\desktop\cours\projetpreliminaire\yohann morits\builds\bomberman\projet bomberman\csfml\x64\debug\bomber blaze.tlog\link-rc.write.1.tlog
c:\users\yohann\desktop\cours\projetpreliminaire\yohann morits\builds\bomberman\projet bomberman\csfml\x64\debug\bomber blaze.tlog\link.13256-cvtres.read.1.tlog
c:\users\yohann\desktop\cours\projetpreliminaire\yohann morits\builds\bomberman\projet bomberman\csfml\x64\debug\bomber blaze.tlog\link.13256-cvtres.write.1.tlog
c:\users\yohann\desktop\cours\projetpreliminaire\yohann morits\builds\bomberman\projet bomberman\csfml\x64\debug\bomber blaze.tlog\link.13256-rc.read.1.tlog
c:\users\yohann\desktop\cours\projetpreliminaire\yohann morits\builds\bomberman\projet bomberman\csfml\x64\debug\bomber blaze.tlog\link.13256-rc.write.1.tlog
c:\users\yohann\desktop\cours\projetpreliminaire\yohann morits\builds\bomberman\projet bomberman\csfml\x64\debug\bomber blaze.tlog\link.13256.read.1.tlog
c:\users\yohann\desktop\cours\projetpreliminaire\yohann morits\builds\bomberman\projet bomberman\csfml\x64\debug\bomber blaze.tlog\link.13256.read.2.tlog
c:\users\yohann\desktop\cours\projetpreliminaire\yohann morits\builds\bomberman\projet bomberman\csfml\x64\debug\bomber blaze.tlog\link.13256.write.1.tlog
c:\users\yohann\desktop\cours\projetpreliminaire\yohann morits\builds\bomberman\projet bomberman\csfml\x64\debug\bomber blaze.tlog\link.command.1.tlog
c:\users\yohann\desktop\cours\projetpreliminaire\yohann morits\builds\bomberman\projet bomberman\csfml\x64\debug\bomber blaze.tlog\link.read.1.tlog
c:\users\yohann\desktop\cours\projetpreliminaire\yohann morits\builds\bomberman\projet bomberman\csfml\x64\debug\bomber blaze.tlog\link.read.2.tlog
c:\users\yohann\desktop\cours\projetpreliminaire\yohann morits\builds\bomberman\projet bomberman\csfml\x64\debug\bomber blaze.tlog\link.write.1.tlog
c:\users\yohann\desktop\cours\projetpreliminaire\yohann morits\builds\bomberman\projet bomberman\csfml\x64\debug\bomber blaze.tlog\rc.command.1.tlog
c:\users\yohann\desktop\cours\projetpreliminaire\yohann morits\builds\bomberman\projet bomberman\csfml\x64\debug\bomber blaze.tlog\rc.read.1.tlog
c:\users\yohann\desktop\cours\projetpreliminaire\yohann morits\builds\bomberman\projet bomberman\csfml\x64\debug\bomber blaze.tlog\rc.write.1.tlog
